2026-02-05 10:09:48.994 | INFO  | [main] | com.ecommerce.orderms.OrdermsApplication | Starting OrdermsApplication using Java 21.0.1 with PID 9888 (D:\18_UDEMY\SPRING_BOOT_MICROSERVICES\ecom-app-ms\orderms\target\classes started by ankit gaund in D:\18_UDEMY\SPRING_BOOT_MICROSERVICES\ecom-app-ms)
2026-02-05 10:09:49.038 | DEBUG | [main] | com.ecommerce.orderms.OrdermsApplication | Running with Spring Boot v4.0.2, Spring v7.0.3
2026-02-05 10:09:49.040 | INFO  | [main] | com.ecommerce.orderms.OrdermsApplication | No active profile set, falling back to 1 default profile: "default"
2026-02-05 10:09:49.272 | INFO  | [main] | o.s.c.config.client.ConfigServerConfigDataLoader | Fetching config from server at : http://localhost:8888
2026-02-05 10:09:49.275 | INFO  | [main] | o.s.c.config.client.ConfigServerConfigDataLoader | Located environment: name=order-service, profiles=[default], label=null, version=null, state=null
2026-02-05 10:09:54.697 | DEBUG | [main] | i.g.r.spring6.utils.RxJava2OnClasspathCondition | RxJava2 related Aspect extensions are not activated, because RxJava2 is not on the classpath.
2026-02-05 10:09:54.701 | DEBUG | [main] | i.g.r.spring6.utils.RxJava3OnClasspathCondition | RxJava3 related Aspect extensions are not activated, because RxJava3 is not on the classpath.
2026-02-05 10:09:54.706 | DEBUG | [main] | i.g.r.spring6.utils.ReactorOnClasspathCondition | Reactor related Aspect extensions are not activated because Resilience4j Reactor module is not on the classpath.
2026-02-05 10:09:54.734 | DEBUG | [main] | i.g.r.spring6.utils.RxJava2OnClasspathCondition | RxJava2 related Aspect extensions are not activated, because RxJava2 is not on the classpath.
2026-02-05 10:09:54.737 | DEBUG | [main] | i.g.r.spring6.utils.RxJava3OnClasspathCondition | RxJava3 related Aspect extensions are not activated, because RxJava3 is not on the classpath.
2026-02-05 10:09:54.738 | DEBUG | [main] | i.g.r.spring6.utils.ReactorOnClasspathCondition | Reactor related Aspect extensions are not activated because Resilience4j Reactor module is not on the classpath.
2026-02-05 10:09:54.793 | DEBUG | [main] | i.g.r.spring6.utils.RxJava2OnClasspathCondition | RxJava2 related Aspect extensions are not activated, because RxJava2 is not on the classpath.
2026-02-05 10:09:54.794 | DEBUG | [main] | i.g.r.spring6.utils.RxJava3OnClasspathCondition | RxJava3 related Aspect extensions are not activated, because RxJava3 is not on the classpath.
2026-02-05 10:09:54.796 | DEBUG | [main] | i.g.r.spring6.utils.ReactorOnClasspathCondition | Reactor related Aspect extensions are not activated because Resilience4j Reactor module is not on the classpath.
2026-02-05 10:09:54.851 | DEBUG | [main] | i.g.r.spring6.utils.RxJava2OnClasspathCondition | RxJava2 related Aspect extensions are not activated, because RxJava2 is not on the classpath.
2026-02-05 10:09:54.853 | DEBUG | [main] | i.g.r.spring6.utils.RxJava3OnClasspathCondition | RxJava3 related Aspect extensions are not activated, because RxJava3 is not on the classpath.
2026-02-05 10:09:54.855 | DEBUG | [main] | i.g.r.spring6.utils.ReactorOnClasspathCondition | Reactor related Aspect extensions are not activated because Resilience4j Reactor module is not on the classpath.
2026-02-05 10:09:54.909 | DEBUG | [main] | i.g.r.spring6.utils.RxJava2OnClasspathCondition | RxJava2 related Aspect extensions are not activated, because RxJava2 is not on the classpath.
2026-02-05 10:09:54.911 | DEBUG | [main] | i.g.r.spring6.utils.RxJava3OnClasspathCondition | RxJava3 related Aspect extensions are not activated, because RxJava3 is not on the classpath.
2026-02-05 10:09:54.916 | DEBUG | [main] | i.g.r.spring6.utils.ReactorOnClasspathCondition | Reactor related Aspect extensions are not activated because Resilience4j Reactor module is not on the classpath.
2026-02-05 10:09:54.996 | DEBUG | [main] | i.g.r.spring6.utils.RxJava2OnClasspathCondition | RxJava2 related Aspect extensions are not activated, because RxJava2 is not on the classpath.
2026-02-05 10:09:54.999 | DEBUG | [main] | i.g.r.spring6.utils.RxJava3OnClasspathCondition | RxJava3 related Aspect extensions are not activated, because RxJava3 is not on the classpath.
2026-02-05 10:09:55.004 | DEBUG | [main] | i.g.r.spring6.utils.ReactorOnClasspathCondition | Reactor related Aspect extensions are not activated because Resilience4j Reactor module is not on the classpath.
2026-02-05 10:09:56.258 | INFO  | [main] | o.s.d.r.config.RepositoryConfigurationDelegate | Bootstrapping Spring Data JPA repositories in DEFAULT mode.
2026-02-05 10:09:57.196 | INFO  | [main] | o.s.d.r.config.RepositoryConfigurationDelegate | Finished Spring Data repository scanning in 896 ms. Found 2 JPA repository interfaces.
2026-02-05 10:09:59.595 | INFO  | [main] | o.s.i.c.DefaultConfiguringBeanFactoryPostProcessor | No bean named 'errorChannel' has been explicitly defined. Therefore, a default PublishSubscribeChannel will be created.
2026-02-05 10:09:59.636 | INFO  | [main] | o.s.i.c.DefaultConfiguringBeanFactoryPostProcessor | No bean named 'integrationHeaderChannelRegistry' has been explicitly defined. Therefore, a default DefaultHeaderChannelRegistry will be created.
2026-02-05 10:10:01.022 | INFO  | [main] | o.springframework.cloud.context.scope.GenericScope | BeanFactory id=39dbfe6a-1429-3d63-ae25-3587e2653bf4
2026-02-05 10:10:07.505 | INFO  | [main] | org.springframework.boot.tomcat.TomcatWebServer | Tomcat initialized with port 8083 (http)
2026-02-05 10:10:07.565 | INFO  | [main] | org.apache.catalina.core.StandardService | Starting service [Tomcat]
2026-02-05 10:10:07.567 | INFO  | [main] | org.apache.catalina.core.StandardEngine | Starting Servlet engine: [Apache Tomcat/11.0.15]
2026-02-05 10:10:08.233 | INFO  | [main] | o.s.b.w.c.servlet.WebApplicationContextInitializer | Root WebApplicationContext: initialization completed in 18941 ms
2026-02-05 10:10:13.176 | INFO  | [main] | org.hibernate.orm.jpa | HHH008540: Processing PersistenceUnitInfo [name: default]
2026-02-05 10:10:13.560 | INFO  | [main] | org.hibernate.orm.core | HHH000001: Hibernate ORM core version 7.2.1.Final
2026-02-05 10:10:16.583 | INFO  | [main] | o.s.o.j.persistenceunit.SpringPersistenceUnitInfo | No LoadTimeWeaver setup: ignoring JPA class transformer
2026-02-05 10:10:16.779 | INFO  | [main] | com.zaxxer.hikari.HikariDataSource | HikariPool-1 - Starting...
2026-02-05 10:10:18.402 | INFO  | [main] | com.zaxxer.hikari.pool.HikariPool | HikariPool-1 - Added connection org.postgresql.jdbc.PgConnection@5ca8157c
2026-02-05 10:10:18.409 | INFO  | [main] | com.zaxxer.hikari.HikariDataSource | HikariPool-1 - Start completed.
2026-02-05 10:10:18.838 | WARN  | [main] | org.hibernate.orm.deprecation | HHH90000025: PostgreSQLDialect does not need to be specified explicitly using 'hibernate.dialect' (remove the property setting and it will be selected by default)
2026-02-05 10:10:19.023 | INFO  | [main] | org.hibernate.orm.connections.pooling | HHH10001005: Database info:
	Database JDBC URL [jdbc:postgresql://localhost:5432/orderdb]
	Database driver: PostgreSQL JDBC Driver
	Database dialect: PostgreSQLDialect
	Database version: 18.1
	Default catalog/schema: orderdb/public
	Autocommit mode: undefined/unknown
	Isolation level: READ_COMMITTED [default READ_COMMITTED]
	JDBC fetch size: none
	Pool: DataSourceConnectionProvider
	Minimum pool size: undefined/unknown
	Maximum pool size: undefined/unknown
2026-02-05 10:10:25.643 | INFO  | [main] | org.hibernate.orm.core | HHH000489: No JTA platform available (set 'hibernate.transaction.jta.platform' to enable JTA platform integration)
2026-02-05 10:10:26.964 | INFO  | [main] | o.s.orm.jpa.LocalContainerEntityManagerFactoryBean | Initialized JPA EntityManagerFactory for persistence unit 'default'
2026-02-05 10:10:27.587 | WARN  | [main] | o.s.b.w.s.s.c.AnnotationConfigServletWebServerApplicationContext | Exception encountered during context initialization - cancelling refresh attempt: org.springframework.beans.factory.BeanCreationException: Error creating bean with name 'rabbitMQConfig': Injection of autowired dependencies failed
2026-02-05 10:10:27.588 | INFO  | [main] | o.s.orm.jpa.LocalContainerEntityManagerFactoryBean | Closing JPA EntityManagerFactory for persistence unit 'default'
2026-02-05 10:10:27.599 | INFO  | [main] | com.zaxxer.hikari.HikariDataSource | HikariPool-1 - Shutdown initiated...
2026-02-05 10:10:27.621 | INFO  | [main] | com.zaxxer.hikari.HikariDataSource | HikariPool-1 - Shutdown completed.
2026-02-05 10:10:28.640 | WARN  | [main] | z.r.internal.AsyncReporter$BoundedAsyncReporter | Timed out waiting for in-flight spans to send
2026-02-05 10:10:28.651 | INFO  | [main] | org.apache.catalina.core.StandardService | Stopping service [Tomcat]
2026-02-05 10:10:28.782 | INFO  | [main] | o.s.b.a.logging.ConditionEvaluationReportLogger | 

Error starting ApplicationContext. To display the condition evaluation report re-run your application with 'debug' enabled.
2026-02-05 10:10:28.846 | ERROR | [main] | org.springframework.boot.SpringApplication | Application run failed
org.springframework.beans.factory.BeanCreationException: Error creating bean with name 'rabbitMQConfig': Injection of autowired dependencies failed
	at org.springframework.beans.factory.annotation.AutowiredAnnotationBeanPostProcessor.postProcessProperties(AutowiredAnnotationBeanPostProcessor.java:498)
	at org.springframework.beans.factory.support.AbstractAutowireCapableBeanFactory.populateBean(AbstractAutowireCapableBeanFactory.java:1446)
	at org.springframework.beans.factory.support.AbstractAutowireCapableBeanFactory.doCreateBean(AbstractAutowireCapableBeanFactory.java:602)
	at org.springframework.beans.factory.support.AbstractAutowireCapableBeanFactory.createBean(AbstractAutowireCapableBeanFactory.java:525)
	at org.springframework.beans.factory.support.AbstractBeanFactory.lambda$doGetBean$0(AbstractBeanFactory.java:333)
	at org.springframework.beans.factory.support.DefaultSingletonBeanRegistry.getSingleton(DefaultSingletonBeanRegistry.java:371)
	at org.springframework.beans.factory.support.AbstractBeanFactory.doGetBean(AbstractBeanFactory.java:331)
	at org.springframework.beans.factory.support.AbstractBeanFactory.getBean(AbstractBeanFactory.java:196)
	at org.springframework.beans.factory.support.DefaultListableBeanFactory.instantiateSingleton(DefaultListableBeanFactory.java:1218)
	at org.springframework.beans.factory.support.DefaultListableBeanFactory.preInstantiateSingleton(DefaultListableBeanFactory.java:1184)
	at org.springframework.beans.factory.support.DefaultListableBeanFactory.preInstantiateSingletons(DefaultListableBeanFactory.java:1121)
	at org.springframework.context.support.AbstractApplicationContext.finishBeanFactoryInitialization(AbstractApplicationContext.java:993)
	at org.springframework.context.support.AbstractApplicationContext.refresh(AbstractApplicationContext.java:620)
	at org.springframework.boot.web.server.servlet.context.ServletWebServerApplicationContext.refresh(ServletWebServerApplicationContext.java:143)
	at org.springframework.boot.SpringApplication.refresh(SpringApplication.java:756)
	at org.springframework.boot.SpringApplication.refreshContext(SpringApplication.java:445)
	at org.springframework.boot.SpringApplication.run(SpringApplication.java:321)
	at org.springframework.boot.SpringApplication.run(SpringApplication.java:1365)
	at org.springframework.boot.SpringApplication.run(SpringApplication.java:1354)
	at com.ecommerce.orderms.OrdermsApplication.main(OrdermsApplication.java:14)
Caused by: org.springframework.util.PlaceholderResolutionException: Could not resolve placeholder 'rabbitmq.exchange.name' in value "${rabbitmq.exchange.name}"
	at org.springframework.util.PlaceholderResolutionException.withValue(PlaceholderResolutionException.java:81)
	at org.springframework.util.PlaceholderParser$ParsedValue.resolve(PlaceholderParser.java:296)
	at org.springframework.util.PlaceholderParser.replacePlaceholders(PlaceholderParser.java:129)
	at org.springframework.util.PropertyPlaceholderHelper.replacePlaceholders(PropertyPlaceholderHelper.java:96)
	at org.springframework.core.env.AbstractPropertyResolver.doResolvePlaceholders(AbstractPropertyResolver.java:286)
	at org.springframework.core.env.AbstractPropertyResolver.resolveRequiredPlaceholders(AbstractPropertyResolver.java:257)
	at org.springframework.context.support.PropertySourcesPlaceholderConfigurer.lambda$processProperties$0(PropertySourcesPlaceholderConfigurer.java:184)
	at org.springframework.beans.factory.support.AbstractBeanFactory.resolveEmbeddedValue(AbstractBeanFactory.java:959)
	at org.springframework.beans.factory.support.DefaultListableBeanFactory.doResolveDependency(DefaultListableBeanFactory.java:1672)
	at org.springframework.beans.factory.support.DefaultListableBeanFactory.resolveDependency(DefaultListableBeanFactory.java:1651)
	at org.springframework.beans.factory.annotation.AutowiredAnnotationBeanPostProcessor$AutowiredFieldElement.resolveFieldValue(AutowiredAnnotationBeanPostProcessor.java:763)
	at org.springframework.beans.factory.annotation.AutowiredAnnotationBeanPostProcessor$AutowiredFieldElement.inject(AutowiredAnnotationBeanPostProcessor.java:747)
	at org.springframework.beans.factory.annotation.InjectionMetadata.inject(InjectionMetadata.java:146)
	at org.springframework.beans.factory.annotation.AutowiredAnnotationBeanPostProcessor.postProcessProperties(AutowiredAnnotationBeanPostProcessor.java:492)
	... 19 common frames omitted
2026-02-05 10:12:26.855 | INFO  | [main] | com.ecommerce.orderms.OrdermsApplication | Starting OrdermsApplication using Java 21.0.1 with PID 20700 (D:\18_UDEMY\SPRING_BOOT_MICROSERVICES\ecom-app-ms\orderms\target\classes started by ankit gaund in D:\18_UDEMY\SPRING_BOOT_MICROSERVICES\ecom-app-ms)
2026-02-05 10:12:26.865 | DEBUG | [main] | com.ecommerce.orderms.OrdermsApplication | Running with Spring Boot v4.0.2, Spring v7.0.3
2026-02-05 10:12:26.868 | INFO  | [main] | com.ecommerce.orderms.OrdermsApplication | No active profile set, falling back to 1 default profile: "default"
